[INFO] Scanning for projects...
[INFO] 
[INFO] -------------------< com.infosys:ride-share-backend >-------------------
[INFO] Building ride-share-backend 0.0.1-SNAPSHOT
[INFO]   from pom.xml
[INFO] --------------------------------[ jar ]---------------------------------
[INFO] 
[INFO] --- clean:3.3.2:clean (default-clean) @ ride-share-backend ---
[INFO] Deleting C:\Users\thaku\OneDrive\Desktop\InfosysProject\ride-share-backend\target
[INFO] 
[INFO] >>> spring-boot:3.2.2:run (default-cli) > test-compile @ ride-share-backend >>>
[INFO] 
[INFO] --- resources:3.3.1:resources (default-resources) @ ride-share-backend ---
[INFO] Copying 1 resource from src\main\resources to target\classes
[INFO] Copying 1 resource from src\main\resources to target\classes
[INFO] 
[INFO] --- compiler:3.11.0:compile (default-compile) @ ride-share-backend ---
[INFO] Changes detected - recompiling the module! :source
[INFO] Compiling 36 source files with javac [debug release 17] to target\classes
[INFO] Annotation processing is enabled because one or more processors were found
  on the class path. A future release of javac may disable annotation processing
  unless at least one processor is specified by name (-processor), or a search
  path is specified (--processor-path, --processor-module-path), or annotation
  processing is enabled explicitly (-proc:only, -proc:full).
  Use -Xlint:-options to suppress this message.
  Use -proc:none to disable annotation processing.
[INFO] 
[INFO] --- resources:3.3.1:testResources (default-testResources) @ ride-share-backend ---
[INFO] skip non existing resourceDirectory C:\Users\thaku\OneDrive\Desktop\InfosysProject\ride-share-backend\src\test\resources
[INFO] 
[INFO] --- compiler:3.11.0:testCompile (default-testCompile) @ ride-share-backend ---
[INFO] Changes detected - recompiling the module! :dependency
[INFO] Compiling 2 source files with javac [debug release 17] to target\test-classes
[INFO] Annotation processing is enabled because one or more processors were found
  on the class path. A future release of javac may disable annotation processing
  unless at least one processor is specified by name (-processor), or a search
  path is specified (--processor-path, --processor-module-path), or annotation
  processing is enabled explicitly (-proc:only, -proc:full).
  Use -Xlint:-options to suppress this message.
  Use -proc:none to disable annotation processing.
[INFO] 
[INFO] <<< spring-boot:3.2.2:run (default-cli) < test-compile @ ride-share-backend <<<
[INFO] 
[INFO] 
[INFO] --- spring-boot:3.2.2:run (default-cli) @ ride-share-backend ---
[INFO] Attaching agents: []

  .   ____          _            __ _ _
 /\\ / ___'_ __ _ _(_)_ __  __ _ \ \ \ \
( ( )\___ | '_ | '_| | '_ \/ _` | \ \ \ \
 \\/  ___)| |_)| | | | | || (_| |  ) ) ) )
  '  |____| .__|_| |_|_| |_\__, | / / / /
 =========|_|==============|___/=/_/_/_/
 :: Spring Boot ::                (v3.2.2)

2026-02-21T22:56:10.586+05:30  INFO 30264 --- [ride-share-backend] [           main] c.i.r.RideShareBackendApplication        : Starting RideShareBackendApplication using Java 21.0.5 with PID 30264 (C:\Users\thaku\OneDrive\Desktop\InfosysProject\ride-share-backend\target\classes started by thakur in C:\Users\thaku\OneDrive\Desktop\InfosysProject\ride-share-backend)
2026-02-21T22:56:10.588+05:30  INFO 30264 --- [ride-share-backend] [           main] c.i.r.RideShareBackendApplication        : No active profile set, falling back to 1 default profile: "default"
2026-02-21T22:56:11.558+05:30  INFO 30264 --- [ride-share-backend] [           main] .s.d.r.c.RepositoryConfigurationDelegate : Bootstrapping Spring Data JPA repositories in DEFAULT mode.
2026-02-21T22:56:11.651+05:30  INFO 30264 --- [ride-share-backend] [           main] .s.d.r.c.RepositoryConfigurationDelegate : Finished Spring Data repository scanning in 83 ms. Found 6 JPA repository interfaces.
2026-02-21T22:56:12.307+05:30  INFO 30264 --- [ride-share-backend] [           main] o.s.b.w.embedded.tomcat.TomcatWebServer  : Tomcat initialized with port 8081 (http)
2026-02-21T22:56:12.324+05:30  INFO 30264 --- [ride-share-backend] [           main] o.apache.catalina.core.StandardService   : Starting service [Tomcat]
2026-02-21T22:56:12.326+05:30  INFO 30264 --- [ride-share-backend] [           main] o.apache.catalina.core.StandardEngine    : Starting Servlet engine: [Apache Tomcat/10.1.18]
2026-02-21T22:56:12.397+05:30  INFO 30264 --- [ride-share-backend] [           main] o.a.c.c.C.[Tomcat].[localhost].[/]       : Initializing Spring embedded WebApplicationContext
2026-02-21T22:56:12.398+05:30  INFO 30264 --- [ride-share-backend] [           main] w.s.c.ServletWebServerApplicationContext : Root WebApplicationContext: initialization completed in 1722 ms
2026-02-21T22:56:12.554+05:30  INFO 30264 --- [ride-share-backend] [           main] o.hibernate.jpa.internal.util.LogHelper  : HHH000204: Processing PersistenceUnitInfo [name: default]
2026-02-21T22:56:12.634+05:30  INFO 30264 --- [ride-share-backend] [           main] org.hibernate.Version                    : HHH000412: Hibernate ORM core version 6.4.1.Final
2026-02-21T22:56:12.680+05:30  INFO 30264 --- [ride-share-backend] [           main] o.h.c.internal.RegionFactoryInitiator    : HHH000026: Second-level cache disabled
2026-02-21T22:56:12.973+05:30  INFO 30264 --- [ride-share-backend] [           main] o.s.o.j.p.SpringPersistenceUnitInfo      : No LoadTimeWeaver setup: ignoring JPA class transformer
2026-02-21T22:56:13.008+05:30  INFO 30264 --- [ride-share-backend] [           main] com.zaxxer.hikari.HikariDataSource       : HikariPool-1 - Starting...
2026-02-21T22:56:13.125+05:30  INFO 30264 --- [ride-share-backend] [           main] com.zaxxer.hikari.pool.HikariPool        : HikariPool-1 - Added connection org.sqlite.jdbc4.JDBC4Connection@5463f035
2026-02-21T22:56:13.127+05:30  INFO 30264 --- [ride-share-backend] [           main] com.zaxxer.hikari.HikariDataSource       : HikariPool-1 - Start completed.
2026-02-21T22:56:14.334+05:30  INFO 30264 --- [ride-share-backend] [           main] o.h.e.t.j.p.i.JtaPlatformInitiator       : HHH000489: No JTA platform available (set 'hibernate.transaction.jta.platform' to enable JTA platform integration)
2026-02-21T22:56:14.380+05:30  INFO 30264 --- [ride-share-backend] [           main] j.LocalContainerEntityManagerFactoryBean : Initialized JPA EntityManagerFactory for persistence unit 'default'
2026-02-21T22:56:14.896+05:30  WARN 30264 --- [ride-share-backend] [           main] JpaBaseConfiguration$JpaWebConfiguration : spring.jpa.open-in-view is enabled by default. Therefore, database queries may be performed during view rendering. Explicitly configure spring.jpa.open-in-view to disable this warning
2026-02-21T22:56:15.093+05:30  INFO 30264 --- [ride-share-backend] [           main] o.s.s.web.DefaultSecurityFilterChain     : Will secure any request with [org.springframework.security.web.session.DisableEncodeUrlFilter@10664c3d, org.springframework.security.web.context.request.async.WebAsyncManagerIntegrationFilter@79a92277, org.springframework.security.web.context.SecurityContextHolderFilter@52a605c3, org.springframework.security.web.header.HeaderWriterFilter@46aea9f7, org.springframework.web.filter.CorsFilter@7712df76, org.springframework.security.web.authentication.logout.LogoutFilter@33d2f9d3, com.infosys.rideshare.config.JwtRequestFilter@556ae220, org.springframework.security.web.savedrequest.RequestCacheAwareFilter@24fb8317, org.springframework.security.web.servletapi.SecurityContextHolderAwareRequestFilter@6d2f910b, org.springframework.security.web.authentication.AnonymousAuthenticationFilter@e98adb2, org.springframework.security.web.session.SessionManagementFilter@f09c282, org.springframework.security.web.access.ExceptionTranslationFilter@3f04fb07, org.springframework.security.web.access.intercept.AuthorizationFilter@5cca5ff3]
2026-02-21T22:56:15.293+05:30  WARN 30264 --- [ride-share-backend] [           main] ConfigServletWebServerApplicationContext : Exception encountered during context initialization - cancelling refresh attempt: org.springframework.context.ApplicationContextException: Failed to start bean 'webServerStartStop'
2026-02-21T22:56:15.294+05:30  INFO 30264 --- [ride-share-backend] [           main] j.LocalContainerEntityManagerFactoryBean : Closing JPA EntityManagerFactory for persistence unit 'default'
2026-02-21T22:56:15.296+05:30  INFO 30264 --- [ride-share-backend] [           main] com.zaxxer.hikari.HikariDataSource       : HikariPool-1 - Shutdown initiated...
2026-02-21T22:56:15.299+05:30  INFO 30264 --- [ride-share-backend] [           main] com.zaxxer.hikari.HikariDataSource       : HikariPool-1 - Shutdown completed.
2026-02-21T22:56:15.308+05:30  INFO 30264 --- [ride-share-backend] [           main] .s.b.a.l.ConditionEvaluationReportLogger : 

Error starting ApplicationContext. To display the condition evaluation report re-run your application with 'debug' enabled.
2026-02-21T22:56:15.324+05:30 ERROR 30264 --- [ride-share-backend] [           main] o.s.b.d.LoggingFailureAnalysisReporter   : 

***************************
APPLICATION FAILED TO START
***************************

Description:

Web server failed to start. Port 8081 was already in use.

Action:

Identify and stop the process that's listening on port 8081 or configure this application to listen on another port.

[INFO] ------------------------------------------------------------------------
[INFO] BUILD FAILURE
[INFO] ------------------------------------------------------------------------
[INFO] Total time:  15.415 s
[INFO] Finished at: 2026-02-21T22:56:15+05:30
[INFO] ------------------------------------------------------------------------
[ERROR] Failed to execute goal org.springframework.boot:spring-boot-maven-plugin:3.2.2:run (default-cli) on project ride-share-backend: Process terminated with exit code: 1 -> [Help 1]
[ERROR] 
[ERROR] To see the full stack trace of the errors, re-run Maven with the -e switch.
[ERROR] Re-run Maven using the -X switch to enable full debug logging.
[ERROR] 
[ERROR] For more information about the errors and possible solutions, please read the following articles:
[ERROR] [Help 1] http://cwiki.apache.org/confluence/display/MAVEN/MojoExecutionException
